<?xml version="1.0" encoding="UTF-8"?>
<testsuite xmlns:xsi="http://www.w3.org/2001/XMLSchema-instance" xsi:noNamespaceSchemaLocation="https://maven.apache.org/surefire/maven-surefire-plugin/xsd/surefire-test-report-3.0.xsd" version="3.0" name="com.example.NoLimits.service.MetodoPagoServiceTest" time="16.231" tests="6" errors="0" skipped="0" failures="0">
  <properties>
[...]
</properties>
  <testcase name="testFindAll" classname="com.example.NoLimits.service.MetodoPagoServiceTest" time="0.009">
    <system-out><![CDATA[2025-06-25T11:48:20.976-04:00  INFO 11220 --- [NoLimits] [           main] t.c.s.AnnotationConfigContextLoaderUtils : Could not detect default configuration classes for test class [com.example.NoLimits.service.MetodoPagoServiceTest]: MetodoPagoServiceTest does not declare any static, non-private, non-final, nested classes annotated with @Configuration.
2025-06-25T11:48:20.978-04:00  INFO 11220 --- [NoLimits] [           main] .b.t.c.SpringBootTestContextBootstrapper : Found @SpringBootConfiguration com.example.NoLimits.NoLimitsApplication for test class com.example.NoLimits.service.MetodoPagoServiceTest
  .   ____          _            __ _ _
 /\\ / ___'_ __ _ _(_)_ __  __ _ \ \ \ \
( ( )\___ | '_ | '_| | '_ \/ _` | \ \ \ \
 \\/  ___)| |_)| | | | | || (_| |  ) ) ) )
  '  |____| .__|_| |_|_| |_\__, | / / / /
 =========|_|==============|___/=/_/_/_/

 :: Spring Boot ::                (v3.3.0)

2025-06-25T11:48:21.010-04:00  INFO 11220 --- [NoLimits] [           main] c.e.N.service.MetodoPagoServiceTest      : Starting MetodoPagoServiceTest using Java 23.0.1 with PID 11220 (started by chris in C:\Users\chris\OneDrive\Escritorio\NoLimits-main\NoLimits-main\Ev2NoLimits-main\Ev2NoLimits-main)
2025-06-25T11:48:21.010-04:00  INFO 11220 --- [NoLimits] [           main] c.e.N.service.MetodoPagoServiceTest      : The following 1 profile is active: "test"
2025-06-25T11:48:21.375-04:00  INFO 11220 --- [NoLimits] [           main] .s.d.r.c.RepositoryConfigurationDelegate : Bootstrapping Spring Data JPA repositories in DEFAULT mode.
2025-06-25T11:48:21.416-04:00  INFO 11220 --- [NoLimits] [           main] .s.d.r.c.RepositoryConfigurationDelegate : Finished Spring Data repository scanning in 38 ms. Found 10 JPA repository interfaces.
2025-06-25T11:48:21.615-04:00  INFO 11220 --- [NoLimits] [           main] o.hibernate.jpa.internal.util.LogHelper  : HHH000204: Processing PersistenceUnitInfo [name: default]
2025-06-25T11:48:21.617-04:00  INFO 11220 --- [NoLimits] [           main] o.h.c.internal.RegionFactoryInitiator    : HHH000026: Second-level cache disabled
2025-06-25T11:48:21.639-04:00  INFO 11220 --- [NoLimits] [           main] o.s.o.j.p.SpringPersistenceUnitInfo      : No LoadTimeWeaver setup: ignoring JPA class transformer
2025-06-25T11:48:21.642-04:00  INFO 11220 --- [NoLimits] [           main] com.zaxxer.hikari.HikariDataSource       : HikariPool-4 - Starting...
2025-06-25T11:48:21.657-04:00  INFO 11220 --- [NoLimits] [           main] com.zaxxer.hikari.pool.HikariPool        : HikariPool-4 - Added connection com.mysql.cj.jdbc.ConnectionImpl@524af1ab
2025-06-25T11:48:21.658-04:00  INFO 11220 --- [NoLimits] [           main] com.zaxxer.hikari.HikariDataSource       : HikariPool-4 - Start completed.
2025-06-25T11:48:21.659-04:00  WARN 11220 --- [NoLimits] [           main] org.hibernate.orm.deprecation            : HHH90000025: MySQLDialect does not need to be specified explicitly using 'hibernate.dialect' (remove the property setting and it will be selected by default)
2025-06-25T11:48:21.864-04:00  INFO 11220 --- [NoLimits] [           main] o.h.e.t.j.p.i.JtaPlatformInitiator       : HHH000489: No JTA platform available (set 'hibernate.transaction.jta.platform' to enable JTA platform integration)
Hibernate: 
    alter table accesorios 
       drop 
       foreign key FKing7ec5o6nplmyr9c5c028jxl
Hibernate: 
    alter table accesorios 
       drop 
       foreign key FKa5560m0ex38wi3qk7oawee8ir
Hibernate: 
    alter table accesorios 
       drop 
       foreign key FKqs9utn1u9r04y81d2dybghhiy
Hibernate: 
    alter table detalle_pedido 
       drop 
       foreign key FKt17xuqqxewny7awsbnaj02alr
Hibernate: 
    alter table detalle_pedido 
       drop 
       foreign key FKg9h17fjynh9lgf1kbn0v9p4kf
Hibernate: 
    alter table detalle_pedido 
       drop 
       foreign key FKeqw9qce3tg27u4149n4fmojjn
Hibernate: 
    alter table detalle_pedido 
       drop 
       foreign key FKsny70s1cc2o4d6impevjl6djc
Hibernate: 
    alter table detalle_venta 
       drop 
       foreign key FK55po3wl42morg22ddr9ej68am
Hibernate: 
    alter table detalle_venta 
       drop 
       foreign key FKnd3e285v43jgyf3r0fkqp154u
Hibernate: 
    alter table detalle_venta 
       drop 
       foreign key FKgds50vmwbs8lxoti80iekstyi
Hibernate: 
    alter table detalle_venta 
       drop 
       foreign key FKijly6i18q7842rrbx0vooy8n6
Hibernate: 
    alter table pedidos 
       drop 
       foreign key FK1406bqgphpafvi9n6bkd1twa7
Hibernate: 
    alter table pedidos 
       drop 
       foreign key FK5g0es69v35nmkmpi8uewbphs2
Hibernate: 
    alter table peliculas 
       drop 
       foreign key FKkmym3x1jw5rtq8708uy9wthcs
Hibernate: 
    alter table ventas 
       drop 
       foreign key FKnel0meoduyo8t68okdouwc0o4
Hibernate: 
    alter table ventas 
       drop 
       foreign key FKco9r9xjcdqtgd4nvnnolsr6ei
Hibernate: 
    alter table videojuegos 
       drop 
       foreign key FKpngeefwrsxkj77a0uudt8edlb
Hibernate: 
    drop table if exists accesorios
Hibernate: 
    drop table if exists detalle_pedido
Hibernate: 
    drop table if exists detalle_venta
Hibernate: 
    drop table if exists metodos_pago
Hibernate: 
    drop table if exists pedidos
Hibernate: 
    drop table if exists peliculas
Hibernate: 
    drop table if exists tipo_productos
Hibernate: 
    drop table if exists usuarios
Hibernate: 
    drop table if exists ventas
Hibernate: 
    drop table if exists videojuegos
Hibernate: 
    create table accesorios (
        precio_accesorio float(23) not null,
        stock_accesorio integer not null,
        id_accesorio bigint not null auto_increment,
        id_tipo_producto bigint not null,
        pelicula_id bigint not null,
        videojuego_id bigint not null,
        marca_accesorio varchar(50) not null,
        nombre_accesorio varchar(50) not null,
        descripcion_accesorio varchar(500) not null,
        tipo_accesorio varchar(255) not null,
        primary key (id_accesorio)
    ) engine=InnoDB
Hibernate: 
    create table detalle_pedido (
        cantidad integer not null,
        precio_unitario float(23) not null,
        subtotal float(23) not null,
        accesorio_id bigint,
        id_detalle_pedido bigint not null auto_increment,
        pedido_id bigint not null,
        pelicula_id bigint,
        videojuego_id bigint,
        primary key (id_detalle_pedido)
    ) engine=InnoDB
Hibernate: 
    create table detalle_venta (
        cantidad integer not null,
        precio_unitario float(23) not null,
        subtotal float(23) not null,
        accesorio_id bigint,
        id_detalle_venta bigint not null auto_increment,
        id_venta bigint not null,
        pelicula_id bigint,
        videojuego_id bigint,
        primary key (id_detalle_venta)
    ) engine=InnoDB
Hibernate: 
    create table metodos_pago (
        id bigint not null auto_increment,
        nombre varchar(50) not null,
        primary key (id)
    ) engine=InnoDB
Hibernate: 
    create table pedidos (
        id bigint not null auto_increment,
        metodo_pago_id bigint not null,
        usuario_id bigint not null,
        estado varchar(50) not null,
        direccion_entrega varchar(100) not null,
        primary key (id)
    ) engine=InnoDB
Hibernate: 
    create table peliculas (
        activa bit not null,
        duracion_pelicula integer not null,
        precio_pelicula float(23) not null,
        id_pelicula bigint not null auto_increment,
        id_tipo_producto bigint,
        categoria_pelicula varchar(50) not null,
        plataforma_pelicula varchar(50) not null,
        nombre_pelicula varchar(100) not null,
        descripcion_pelicula varchar(500) not null,
        primary key (id_pelicula)
    ) engine=InnoDB
Hibernate: 
    create table tipo_productos (
        id_tipo_producto bigint not null auto_increment,
        nombre_tipo_producto varchar(100) not null,
        primary key (id_tipo_producto)
    ) engine=InnoDB
Hibernate: 
    create table usuarios (
        telefono integer not null,
        id bigint not null auto_increment,
        password varchar(10) not null,
        apellidos varchar(255) not null,
        correo varchar(255) not null,
        nombre varchar(255) not null,
        primary key (id)
    ) engine=InnoDB
Hibernate: 
    create table ventas (
        fecha_compra date not null,
        hora_compra time(6) not null,
        total_venta integer not null,
        id bigint not null auto_increment,
        id_metodo_pago bigint,
        usuario_id bigint,
        primary key (id)
    ) engine=InnoDB
Hibernate: 
    create table videojuegos (
        precio_videojuego float(23) not null,
        id_tipo_producto bigint not null,
        id_videojuego bigint not null auto_increment,
        categoria_videojuego varchar(50) not null,
        nombre_videojuego varchar(50) not null,
        plataforma_videojuego varchar(50) not null,
        desarrollador_videojuego varchar(500) not null,
        descripcion_videojuego varchar(500) not null,
        primary key (id_videojuego)
    ) engine=InnoDB
Hibernate: 
    alter table metodos_pago 
       add constraint UKd69ifwea3k50xlwa2lgghqtia unique (nombre)
Hibernate: 
    alter table tipo_productos 
       add constraint UK8es3861b338vei0qamaateujn unique (nombre_tipo_producto)
Hibernate: 
    alter table usuarios 
       add constraint UKkmis4itpcal65v01wap50h458 unique (password)
Hibernate: 
    alter table accesorios 
       add constraint FKing7ec5o6nplmyr9c5c028jxl 
       foreign key (pelicula_id) 
       references peliculas (id_pelicula)
Hibernate: 
    alter table accesorios 
       add constraint FKa5560m0ex38wi3qk7oawee8ir 
       foreign key (id_tipo_producto) 
       references tipo_productos (id_tipo_producto)
Hibernate: 
    alter table accesorios 
       add constraint FKqs9utn1u9r04y81d2dybghhiy 
       foreign key (videojuego_id) 
       references videojuegos (id_videojuego)
Hibernate: 
    alter table detalle_pedido 
       add constraint FKt17xuqqxewny7awsbnaj02alr 
       foreign key (accesorio_id) 
       references accesorios (id_accesorio)
Hibernate: 
    alter table detalle_pedido 
       add constraint FKg9h17fjynh9lgf1kbn0v9p4kf 
       foreign key (pedido_id) 
       references pedidos (id)
Hibernate: 
    alter table detalle_pedido 
       add constraint FKeqw9qce3tg27u4149n4fmojjn 
       foreign key (pelicula_id) 
       references peliculas (id_pelicula)
Hibernate: 
    alter table detalle_pedido 
       add constraint FKsny70s1cc2o4d6impevjl6djc 
       foreign key (videojuego_id) 
       references videojuegos (id_videojuego)
Hibernate: 
    alter table detalle_venta 
       add constraint FK55po3wl42morg22ddr9ej68am 
       foreign key (accesorio_id) 
       references accesorios (id_accesorio)
Hibernate: 
    alter table detalle_venta 
       add constraint FKnd3e285v43jgyf3r0fkqp154u 
       foreign key (pelicula_id) 
       references peliculas (id_pelicula)
Hibernate: 
    alter table detalle_venta 
       add constraint FKgds50vmwbs8lxoti80iekstyi 
       foreign key (id_venta) 
       references ventas (id)
Hibernate: 
    alter table detalle_venta 
       add constraint FKijly6i18q7842rrbx0vooy8n6 
       foreign key (videojuego_id) 
       references videojuegos (id_videojuego)
Hibernate: 
    alter table pedidos 
       add constraint FK1406bqgphpafvi9n6bkd1twa7 
       foreign key (metodo_pago_id) 
       references metodos_pago (id)
Hibernate: 
    alter table pedidos 
       add constraint FK5g0es69v35nmkmpi8uewbphs2 
       foreign key (usuario_id) 
       references usuarios (id)
Hibernate: 
    alter table peliculas 
       add constraint FKkmym3x1jw5rtq8708uy9wthcs 
       foreign key (id_tipo_producto) 
       references tipo_productos (id_tipo_producto)
Hibernate: 
    alter table ventas 
       add constraint FKnel0meoduyo8t68okdouwc0o4 
       foreign key (id_metodo_pago) 
       references metodos_pago (id)
Hibernate: 
    alter table ventas 
       add constraint FKco9r9xjcdqtgd4nvnnolsr6ei 
       foreign key (usuario_id) 
       references usuarios (id)
Hibernate: 
    alter table videojuegos 
       add constraint FKpngeefwrsxkj77a0uudt8edlb 
       foreign key (id_tipo_producto) 
       references tipo_productos (id_tipo_producto)
2025-06-25T11:48:36.746-04:00  INFO 11220 --- [NoLimits] [           main] j.LocalContainerEntityManagerFactoryBean : Initialized JPA EntityManagerFactory for persistence unit 'default'
2025-06-25T11:48:36.985-04:00  WARN 11220 --- [NoLimits] [           main] JpaBaseConfiguration$JpaWebConfiguration : spring.jpa.open-in-view is enabled by default. Therefore, database queries may be performed during view rendering. Explicitly configure spring.jpa.open-in-view to disable this warning
2025-06-25T11:48:37.160-04:00  INFO 11220 --- [NoLimits] [           main] c.e.N.service.MetodoPagoServiceTest      : Started MetodoPagoServiceTest in 16.179 seconds (process running for 75.016)
]]></system-out>
  </testcase>
  <testcase name="testPatch" classname="com.example.NoLimits.service.MetodoPagoServiceTest" time="0.016"/>
  <testcase name="testSave" classname="com.example.NoLimits.service.MetodoPagoServiceTest" time="0.0"/>
  <testcase name="testFindById" classname="com.example.NoLimits.service.MetodoPagoServiceTest" time="0.016"/>
  <testcase name="testDeleteById" classname="com.example.NoLimits.service.MetodoPagoServiceTest" time="0.0"/>
  <testcase name="testUpdate" classname="com.example.NoLimits.service.MetodoPagoServiceTest" time="0.0"/>
</testsuite>